2023.11.07 22:33 B C:\laragon\www\magicbook\fonts\fonts\fonts\font-awesome.min.css --> emeraldedutech.com.ng /public_html/magicbook/fonts/fonts/fonts font-awesome.min.css
2023.11.07 22:33 B C:\laragon\www\magicbook\fonts\fonts\fonts\font.css --> emeraldedutech.com.ng /public_html/magicbook/fonts/fonts/fonts font.css
2023.11.07 22:33 B C:\laragon\www\magicbook\fonts\fonts\fonts\fontawesome-webfont5b625b62.eot --> emeraldedutech.com.ng /public_html/magicbook/fonts/fonts/fonts fontawesome-webfont5b625b62.eot
2023.11.07 22:33 B C:\laragon\www\magicbook\fonts\fonts\fonts\fontawesome-webfont5b625b62.svg --> emeraldedutech.com.ng /public_html/magicbook/fonts/fonts/fonts fontawesome-webfont5b625b62.svg
2023.11.07 22:33 B C:\laragon\www\magicbook\fonts\fonts\fonts\fontawesome-webfont5b625b62.ttf --> emeraldedutech.com.ng /public_html/magicbook/fonts/fonts/fonts fontawesome-webfont5b625b62.ttf
2023.11.07 22:33 B C:\laragon\www\magicbook\fonts\fonts\fonts\fontawesome-webfont5b625b62.woff --> emeraldedutech.com.ng /public_html/magicbook/fonts/fonts/fonts fontawesome-webfont5b625b62.woff
2023.11.07 22:33 B C:\laragon\www\magicbook\fonts\fonts\fonts\fontawesome-webfont5b625b62.woff2 --> emeraldedutech.com.ng /public_html/magicbook/fonts/fonts/fonts fontawesome-webfont5b625b62.woff2
2023.11.07 22:33 B C:\laragon\www\magicbook\fonts\fonts\fonts\fontawesome-webfontd41dd41d.eot --> emeraldedutech.com.ng /public_html/magicbook/fonts/fonts/fonts fontawesome-webfontd41dd41d.eot
2023.11.07 22:33 B C:\laragon\www\magicbook\fonts\fonts\fonts\iconfont2d9b2d9b-2.html --> emeraldedutech.com.ng /public_html/magicbook/fonts/fonts/fonts iconfont2d9b2d9b-2.html
2023.11.07 22:33 B C:\laragon\www\magicbook\fonts\fonts\fonts\iconfont2d9b2d9b-3.html --> emeraldedutech.com.ng /public_html/magicbook/fonts/fonts/fonts iconfont2d9b2d9b-3.html
2023.11.07 22:33 B C:\laragon\www\magicbook\fonts\fonts\fonts\iconfont2d9b2d9b-4.html --> emeraldedutech.com.ng /public_html/magicbook/fonts/fonts/fonts iconfont2d9b2d9b-4.html
2023.11.07 22:33 B C:\laragon\www\magicbook\fonts\fonts\fonts\iconfont2d9b2d9b.html --> emeraldedutech.com.ng /public_html/magicbook/fonts/fonts/fonts iconfont2d9b2d9b.html
2023.11.07 22:33 B C:\laragon\www\magicbook\fonts\fonts\fonts\LANENAR_-webfont-2.html --> emeraldedutech.com.ng /public_html/magicbook/fonts/fonts/fonts LANENAR_-webfont-2.html
2023.11.07 22:33 B C:\laragon\www\magicbook\fonts\fonts\fonts\LANENAR_-webfont-3.html --> emeraldedutech.com.ng /public_html/magicbook/fonts/fonts/fonts LANENAR_-webfont-3.html
2023.11.07 22:33 B C:\laragon\www\magicbook\fonts\fonts\fonts\LANENAR_-webfont-4.html --> emeraldedutech.com.ng /public_html/magicbook/fonts/fonts/fonts LANENAR_-webfont-4.html
2023.11.07 22:33 B C:\laragon\www\magicbook\fonts\fonts\fonts\LANENAR_-webfont.html --> emeraldedutech.com.ng /public_html/magicbook/fonts/fonts/fonts LANENAR_-webfont.html
2023.11.07 22:33 B C:\laragon\www\magicbook\fonts\fonts\fonts\LANENAR_-webfontd41dd41d.html --> emeraldedutech.com.ng /public_html/magicbook/fonts/fonts/fonts LANENAR_-webfontd41dd41d.html
2023.11.07 22:33 B C:\laragon\www\magicbook\fonts\fonts\fonts\Roboto-Light-webfont.eot --> emeraldedutech.com.ng /public_html/magicbook/fonts/fonts/fonts Roboto-Light-webfont.eot
2023.11.07 22:33 B C:\laragon\www\magicbook\fonts\fonts\fonts\Roboto-Light-webfont.svg --> emeraldedutech.com.ng /public_html/magicbook/fonts/fonts/fonts Roboto-Light-webfont.svg
2023.11.07 22:33 B C:\laragon\www\magicbook\fonts\fonts\fonts\Roboto-Light-webfont.ttf --> emeraldedutech.com.ng /public_html/magicbook/fonts/fonts/fonts Roboto-Light-webfont.ttf
2023.11.07 22:33 B C:\laragon\www\magicbook\fonts\fonts\fonts\Roboto-Light-webfont.woff --> emeraldedutech.com.ng /public_html/magicbook/fonts/fonts/fonts Roboto-Light-webfont.woff
2023.11.07 22:33 B C:\laragon\www\magicbook\fonts\fonts\fonts\Roboto-Light-webfontd41dd41d.eot --> emeraldedutech.com.ng /public_html/magicbook/fonts/fonts/fonts Roboto-Light-webfontd41dd41d.eot
