2023.11.07 22:36 B C:\laragon\www\magicbook\images\1.jpg --> emeraldedutech.com.ng /public_html/magicbook/images 1.jpg
2023.11.07 22:36 B C:\laragon\www\magicbook\images\1testimo.JPG --> emeraldedutech.com.ng /public_html/magicbook/images 1testimo.JPG
2023.11.07 22:36 B C:\laragon\www\magicbook\images\2testimo.JPG --> emeraldedutech.com.ng /public_html/magicbook/images 2testimo.JPG
2023.11.07 22:36 B C:\laragon\www\magicbook\images\3testimo.JPG --> emeraldedutech.com.ng /public_html/magicbook/images 3testimo.JPG
2023.11.07 22:36 B C:\laragon\www\magicbook\images\4322-1.jpg --> emeraldedutech.com.ng /public_html/magicbook/images 4322-1.jpg
2023.11.07 22:36 B C:\laragon\www\magicbook\images\about1.jpg --> emeraldedutech.com.ng /public_html/magicbook/images about1.jpg
2023.11.07 22:36 B C:\laragon\www\magicbook\images\about2.jpg --> emeraldedutech.com.ng /public_html/magicbook/images about2.jpg
2023.11.07 22:36 B C:\laragon\www\magicbook\images\about3.jpg --> emeraldedutech.com.ng /public_html/magicbook/images about3.jpg
2023.11.07 22:36 B C:\laragon\www\magicbook\images\agency1.jpg --> emeraldedutech.com.ng /public_html/magicbook/images agency1.jpg
2023.11.07 22:36 B C:\laragon\www\magicbook\images\amazon-price-728x321.png --> emeraldedutech.com.ng /public_html/magicbook/images amazon-price-728x321.png
2023.11.07 22:36 B C:\laragon\www\magicbook\images\amazon-review-sank-2-728x229.png --> emeraldedutech.com.ng /public_html/magicbook/images amazon-review-sank-2-728x229.png
2023.11.07 22:37 B C:\laragon\www\magicbook\images\Amazon-review-sank-3-728x267.png --> emeraldedutech.com.ng /public_html/magicbook/images Amazon-review-sank-3-728x267.png
2023.11.07 22:37 B C:\laragon\www\magicbook\images\amazon-testimonial1.png --> emeraldedutech.com.ng /public_html/magicbook/images amazon-testimonial1.png
2023.11.07 22:37 B C:\laragon\www\magicbook\images\android.png --> emeraldedutech.com.ng /public_html/magicbook/images android.png
2023.11.07 22:37 B C:\laragon\www\magicbook\images\app1.png --> emeraldedutech.com.ng /public_html/magicbook/images app1.png
2023.11.07 22:37 B C:\laragon\www\magicbook\images\app2.png --> emeraldedutech.com.ng /public_html/magicbook/images app2.png
2023.11.07 22:37 B C:\laragon\www\magicbook\images\app3.png --> emeraldedutech.com.ng /public_html/magicbook/images app3.png
2023.11.07 22:37 B C:\laragon\www\magicbook\images\app4.png --> emeraldedutech.com.ng /public_html/magicbook/images app4.png
2023.11.07 22:37 B C:\laragon\www\magicbook\images\app5.png --> emeraldedutech.com.ng /public_html/magicbook/images app5.png
2023.11.07 22:37 B C:\laragon\www\magicbook\images\apple.png --> emeraldedutech.com.ng /public_html/magicbook/images apple.png
2023.11.07 22:37 B C:\laragon\www\magicbook\images\bg-1.jpg --> emeraldedutech.com.ng /public_html/magicbook/images bg-1.jpg
2023.11.07 22:37 B C:\laragon\www\magicbook\images\bg-2.jpg --> emeraldedutech.com.ng /public_html/magicbook/images bg-2.jpg
2023.11.07 22:37 B C:\laragon\www\magicbook\images\bg-3.jpg --> emeraldedutech.com.ng /public_html/magicbook/images bg-3.jpg
2023.11.07 22:37 B C:\laragon\www\magicbook\images\carpenter1.jpg --> emeraldedutech.com.ng /public_html/magicbook/images carpenter1.jpg
2023.11.07 22:37 B C:\laragon\www\magicbook\images\carpenter2.jpg --> emeraldedutech.com.ng /public_html/magicbook/images carpenter2.jpg
2023.11.07 22:37 B C:\laragon\www\magicbook\images\carpenter3.jpg --> emeraldedutech.com.ng /public_html/magicbook/images carpenter3.jpg
2023.11.07 22:37 B C:\laragon\www\magicbook\images\carpenter4.jpg --> emeraldedutech.com.ng /public_html/magicbook/images carpenter4.jpg
2023.11.07 22:37 B C:\laragon\www\magicbook\images\cart.png --> emeraldedutech.com.ng /public_html/magicbook/images cart.png
2023.11.07 22:37 B C:\laragon\www\magicbook\images\closeup1.png --> emeraldedutech.com.ng /public_html/magicbook/images closeup1.png
2023.11.07 22:38 B C:\laragon\www\magicbook\images\contact-bg.jpg --> emeraldedutech.com.ng /public_html/magicbook/images contact-bg.jpg
2023.11.07 22:38 B C:\laragon\www\magicbook\images\copybooks.jpg --> emeraldedutech.com.ng /public_html/magicbook/images copybooks.jpg
2023.11.07 22:38 B C:\laragon\www\magicbook\images\courses-bg.jpg --> emeraldedutech.com.ng /public_html/magicbook/images courses-bg.jpg
2023.11.07 22:38 B C:\laragon\www\magicbook\images\customer-satisfiction.png --> emeraldedutech.com.ng /public_html/magicbook/images customer-satisfiction.png
2023.11.07 22:38 B C:\laragon\www\magicbook\images\flat7.png --> emeraldedutech.com.ng /public_html/magicbook/images flat7.png
2023.11.07 22:38 B C:\laragon\www\magicbook\images\flat8.png --> emeraldedutech.com.ng /public_html/magicbook/images flat8.png
2023.11.07 22:38 B C:\laragon\www\magicbook\images\hatha-yoga.jpg --> emeraldedutech.com.ng /public_html/magicbook/images hatha-yoga.jpg
2023.11.07 22:38 B C:\laragon\www\magicbook\images\images (1).png --> emeraldedutech.com.ng /public_html/magicbook/images images (1).png
2023.11.07 22:38 B C:\laragon\www\magicbook\images\images (2).png --> emeraldedutech.com.ng /public_html/magicbook/images images (2).png
2023.11.07 22:38 B C:\laragon\www\magicbook\images\images (3).png --> emeraldedutech.com.ng /public_html/magicbook/images images (3).png
2023.11.07 22:38 B C:\laragon\www\magicbook\images\images.jpg --> emeraldedutech.com.ng /public_html/magicbook/images images.jpg
2023.11.07 22:38 B C:\laragon\www\magicbook\images\IMG_20230522_134155.jpg --> emeraldedutech.com.ng /public_html/magicbook/images IMG_20230522_134155.jpg
2023.11.07 22:38 B C:\laragon\www\magicbook\images\imgg.JPG --> emeraldedutech.com.ng /public_html/magicbook/images imgg.JPG
2023.11.07 22:38 B C:\laragon\www\magicbook\images\learning.jpg --> emeraldedutech.com.ng /public_html/magicbook/images learning.jpg
2023.11.07 22:38 B C:\laragon\www\magicbook\images\learningg.jpg --> emeraldedutech.com.ng /public_html/magicbook/images learningg.jpg
2023.11.07 22:38 B C:\laragon\www\magicbook\images\letter_magic.jpg --> emeraldedutech.com.ng /public_html/magicbook/images letter_magic.jpg
2023.11.07 22:38 B C:\laragon\www\magicbook\images\logo-black.png --> emeraldedutech.com.ng /public_html/magicbook/images logo-black.png
2023.11.07 22:38 B C:\laragon\www\magicbook\images\logo-white.png --> emeraldedutech.com.ng /public_html/magicbook/images logo-white.png
2023.11.07 22:38 B C:\laragon\www\magicbook\images\mac1.png --> emeraldedutech.com.ng /public_html/magicbook/images mac1.png
2023.11.07 22:38 B C:\laragon\www\magicbook\images\mac2.png --> emeraldedutech.com.ng /public_html/magicbook/images mac2.png
2023.11.07 22:38 B C:\laragon\www\magicbook\images\magic-book-3-1024x1024.jpg --> emeraldedutech.com.ng /public_html/magicbook/images magic-book-3-1024x1024.jpg
2023.11.07 22:43 B C:\laragon\www\magicbook\images\Magic.mp4 --> emeraldedutech.com.ng /public_html/magicbook/images Magic.mp4
2023.11.07 22:43 B C:\laragon\www\magicbook\images\magic_sank.jpg --> emeraldedutech.com.ng /public_html/magicbook/images magic_sank.jpg
2023.11.07 22:43 B C:\laragon\www\magicbook\images\maths_magic.jpg --> emeraldedutech.com.ng /public_html/magicbook/images maths_magic.jpg
2023.11.07 22:43 B C:\laragon\www\magicbook\images\medical-1.jpg --> emeraldedutech.com.ng /public_html/magicbook/images medical-1.jpg
2023.11.07 22:43 B C:\laragon\www\magicbook\images\medical-2.jpg --> emeraldedutech.com.ng /public_html/magicbook/images medical-2.jpg
2023.11.07 22:43 B C:\laragon\www\magicbook\images\medical-3.jpg --> emeraldedutech.com.ng /public_html/magicbook/images medical-3.jpg
2023.11.07 22:43 B C:\laragon\www\magicbook\images\medical-4.jpg --> emeraldedutech.com.ng /public_html/magicbook/images medical-4.jpg
2023.11.07 22:43 B C:\laragon\www\magicbook\images\number_magic.jpg --> emeraldedutech.com.ng /public_html/magicbook/images number_magic.jpg
2023.11.07 22:43 B C:\laragon\www\magicbook\images\paint_magi.jpg --> emeraldedutech.com.ng /public_html/magicbook/images paint_magi.jpg
2023.11.07 22:43 B C:\laragon\www\magicbook\images\partner1.png --> emeraldedutech.com.ng /public_html/magicbook/images partner1.png
2023.11.07 22:43 B C:\laragon\www\magicbook\images\partner2.png --> emeraldedutech.com.ng /public_html/magicbook/images partner2.png
2023.11.07 22:43 B C:\laragon\www\magicbook\images\partner3.png --> emeraldedutech.com.ng /public_html/magicbook/images partner3.png
2023.11.07 22:43 B C:\laragon\www\magicbook\images\partner4.png --> emeraldedutech.com.ng /public_html/magicbook/images partner4.png
2023.11.07 22:43 B C:\laragon\www\magicbook\images\phone.png --> emeraldedutech.com.ng /public_html/magicbook/images phone.png
2023.11.07 22:43 B C:\laragon\www\magicbook\images\polygonal.png --> emeraldedutech.com.ng /public_html/magicbook/images polygonal.png
2023.11.07 22:43 B C:\laragon\www\magicbook\images\portfolio1-sm.jpg --> emeraldedutech.com.ng /public_html/magicbook/images portfolio1-sm.jpg
2023.11.07 22:43 B C:\laragon\www\magicbook\images\portfolio1-xl.jpg --> emeraldedutech.com.ng /public_html/magicbook/images portfolio1-xl.jpg
2023.11.07 22:43 B C:\laragon\www\magicbook\images\quote1-white.png --> emeraldedutech.com.ng /public_html/magicbook/images quote1-white.png
2023.11.07 22:43 B C:\laragon\www\magicbook\images\quote1.png --> emeraldedutech.com.ng /public_html/magicbook/images quote1.png
2023.11.07 22:44 B C:\laragon\www\magicbook\images\quote2-white.png --> emeraldedutech.com.ng /public_html/magicbook/images quote2-white.png
2023.11.07 22:44 B C:\laragon\www\magicbook\images\quote2.png --> emeraldedutech.com.ng /public_html/magicbook/images quote2.png
2023.11.07 22:44 B C:\laragon\www\magicbook\images\screenshot6.png --> emeraldedutech.com.ng /public_html/magicbook/images screenshot6.png
2023.11.07 22:44 B C:\laragon\www\magicbook\images\screenshot7.png --> emeraldedutech.com.ng /public_html/magicbook/images screenshot7.png
2023.11.07 22:44 B C:\laragon\www\magicbook\images\screenshot8.png --> emeraldedutech.com.ng /public_html/magicbook/images screenshot8.png
2023.11.07 22:44 B C:\laragon\www\magicbook\images\sliddd.jpg --> emeraldedutech.com.ng /public_html/magicbook/images sliddd.jpg
2023.11.07 22:44 B C:\laragon\www\magicbook\images\slidde.jpg --> emeraldedutech.com.ng /public_html/magicbook/images slidde.jpg
2023.11.07 22:44 B C:\laragon\www\magicbook\images\slider1.jpg --> emeraldedutech.com.ng /public_html/magicbook/images slider1.jpg
2023.11.07 22:44 B C:\laragon\www\magicbook\images\testiomial2.png --> emeraldedutech.com.ng /public_html/magicbook/images testiomial2.png
2023.11.07 22:44 B C:\laragon\www\magicbook\images\top-arrow.svg --> emeraldedutech.com.ng /public_html/magicbook/images top-arrow.svg
2023.11.07 22:44 B C:\laragon\www\magicbook\images\u brush.jpg --> emeraldedutech.com.ng /public_html/magicbook/images u brush.jpg
2023.11.07 22:44 B C:\laragon\www\magicbook\images\ui1.png --> emeraldedutech.com.ng /public_html/magicbook/images ui1.png
2023.11.07 22:44 B C:\laragon\www\magicbook\images\ui2.png --> emeraldedutech.com.ng /public_html/magicbook/images ui2.png
2023.11.07 22:44 B C:\laragon\www\magicbook\images\vinyasa-yoga.jpg --> emeraldedutech.com.ng /public_html/magicbook/images vinyasa-yoga.jpg
2023.11.07 22:44 B C:\laragon\www\magicbook\images\watergame-1.jpg --> emeraldedutech.com.ng /public_html/magicbook/images watergame-1.jpg
2023.11.07 22:44 B C:\laragon\www\magicbook\images\wood-project1-sm.jpg --> emeraldedutech.com.ng /public_html/magicbook/images wood-project1-sm.jpg
2023.11.07 22:44 B C:\laragon\www\magicbook\images\wood-project1-xl.jpg --> emeraldedutech.com.ng /public_html/magicbook/images wood-project1-xl.jpg
2023.11.07 22:44 B C:\laragon\www\magicbook\images\wood-project2-sm.jpg --> emeraldedutech.com.ng /public_html/magicbook/images wood-project2-sm.jpg
2023.11.07 22:44 B C:\laragon\www\magicbook\images\wood-project2-xl.jpg --> emeraldedutech.com.ng /public_html/magicbook/images wood-project2-xl.jpg
2023.11.07 22:44 B C:\laragon\www\magicbook\images\wood-project3-sm.jpg --> emeraldedutech.com.ng /public_html/magicbook/images wood-project3-sm.jpg
2023.11.07 22:44 B C:\laragon\www\magicbook\images\wood-project3-xl.jpg --> emeraldedutech.com.ng /public_html/magicbook/images wood-project3-xl.jpg
2023.11.07 22:44 B C:\laragon\www\magicbook\images\wood-project4-sm.jpg --> emeraldedutech.com.ng /public_html/magicbook/images wood-project4-sm.jpg
2023.11.07 22:44 B C:\laragon\www\magicbook\images\wood-project4-xl.jpg --> emeraldedutech.com.ng /public_html/magicbook/images wood-project4-xl.jpg
2023.11.07 22:44 B C:\laragon\www\magicbook\images\wood-service1.png --> emeraldedutech.com.ng /public_html/magicbook/images wood-service1.png
2023.11.07 22:45 B C:\laragon\www\magicbook\images\wood-service2.png --> emeraldedutech.com.ng /public_html/magicbook/images wood-service2.png
2023.11.07 22:45 B C:\laragon\www\magicbook\images\wood-service3.png --> emeraldedutech.com.ng /public_html/magicbook/images wood-service3.png
2023.11.07 22:45 B C:\laragon\www\magicbook\images\wood-service4.png --> emeraldedutech.com.ng /public_html/magicbook/images wood-service4.png
2023.11.07 22:45 B C:\laragon\www\magicbook\images\wood-services5.png --> emeraldedutech.com.ng /public_html/magicbook/images wood-services5.png
2023.11.07 22:45 B C:\laragon\www\magicbook\images\wood-services6.png --> emeraldedutech.com.ng /public_html/magicbook/images wood-services6.png
2023.11.07 22:45 B C:\laragon\www\magicbook\images\wood-services7.png --> emeraldedutech.com.ng /public_html/magicbook/images wood-services7.png
2023.11.07 22:45 B C:\laragon\www\magicbook\images\yoga-team-1.jpg --> emeraldedutech.com.ng /public_html/magicbook/images yoga-team-1.jpg
2023.11.07 22:45 B C:\laragon\www\magicbook\images\yoga-team-2.jpg --> emeraldedutech.com.ng /public_html/magicbook/images yoga-team-2.jpg
2023.11.07 22:45 B C:\laragon\www\magicbook\images\yoga-team-3.jpg --> emeraldedutech.com.ng /public_html/magicbook/images yoga-team-3.jpg
2023.11.07 22:45 B C:\laragon\www\magicbook\images\yoga.jpg --> emeraldedutech.com.ng /public_html/magicbook/images yoga.jpg
2023.11.07 22:45 B C:\laragon\www\magicbook\images\yoga3.jpg --> emeraldedutech.com.ng /public_html/magicbook/images yoga3.jpg
